<?xml version="1.0" encoding="UTF-8"?>
<!-- Generated by org.testng.reporters.JUnitReportReporter -->
<testsuite hostname="cinziaP" failures="0" tests="1" name="To.Sq.NegativeTests" time="3.841" errors="0" timestamp="2023-04-21T16:14:09 CEST" skipped="0">
  <testcase classname="To.Sq.NegativeTests" name="incorrectEmailTest" time="3.841"/>
  <system-out/>
</testsuite> <!-- To.Sq.NegativeTests -->
