<?xml version="1.0" encoding="UTF-8"?>
<!-- Generated by org.testng.reporters.JUnitReportReporter -->
<testsuite hostname="cinziaP" failures="0" tests="2" name="To.Sq.LinkTests" time="10.801" errors="0" timestamp="2023-04-21T16:14:09 CEST" skipped="0">
  <testcase classname="To.Sq.LinkTests" name="haiDimenticatoLaPassworTest" time="7.007"/>
  <system-out/>
  <testcase classname="To.Sq.LinkTests" name="nonSeiRegistratoTest" time="3.794"/>
  <system-out/>
</testsuite> <!-- To.Sq.LinkTests -->
