<?xml version="1.0" encoding="UTF-8"?>
<!-- Generated by org.testng.reporters.JUnitReportReporter -->
<testsuite hostname="cinziaP" failures="0" tests="1" name="To.Sq.FBaccess" time="4.930" errors="0" timestamp="2023-04-20T14:34:59 CEST" skipped="0">
  <testcase classname="To.Sq.FBaccess" name="accessoTramiteFacebook" time="4.930"/>
  <system-out/>
</testsuite> <!-- To.Sq.FBaccess -->
