<?xml version="1.0" encoding="UTF-8"?>
<!-- Generated by org.testng.reporters.JUnitReportReporter -->
<testsuite hostname="cinziaP" failures="0" tests="1" name="To.Sq.PositiveTests" time="5.457" errors="0" timestamp="2023-04-20T14:47:07 CEST" skipped="0">
  <testcase classname="To.Sq.PositiveTests" name="loginTest" time="5.457"/>
  <system-out/>
</testsuite> <!-- To.Sq.PositiveTests -->
