<?xml version="1.0" encoding="UTF-8"?>
<!-- Generated by org.testng.reporters.JUnitReportReporter -->
<testsuite hostname="cinziaP" failures="0" tests="1" name="To.Sq.ViewingTests" time="4.927" errors="0" timestamp="2023-04-21T16:14:09 CEST" skipped="0">
  <testcase classname="To.Sq.ViewingTests" name="visualizzaElementiTest" time="4.927"/>
  <system-out/>
</testsuite> <!-- To.Sq.ViewingTests -->
