<?xml version="1.0" encoding="UTF-8"?>
<!-- Generated by org.testng.reporters.JUnitReportReporter -->
<testsuite hostname="cinziaP" failures="0" tests="1" name="To.Sq.NegativeTests" time="4.113" errors="0" timestamp="2023-04-21T16:16:42 CEST" skipped="0">
  <testcase classname="To.Sq.NegativeTests" name="incorrectEmailTest" time="4.113"/>
  <system-out/>
</testsuite> <!-- To.Sq.NegativeTests -->
