<?xml version="1.0" encoding="UTF-8"?>
<!-- Generated by org.testng.reporters.JUnitReportReporter -->
<testsuite hostname="cinziaP" failures="0" tests="2" name="To.Sq.LoginTests" time="9.329" errors="0" timestamp="2023-04-21T16:16:42 CEST" skipped="0">
  <testcase classname="To.Sq.LoginTests" name="facebookLoginTest" time="4.796"/>
  <system-out/>
  <testcase classname="To.Sq.LoginTests" name="loginTest" time="4.533"/>
  <system-out/>
</testsuite> <!-- To.Sq.LoginTests -->
